<?xml version="1.0" encoding="UTF-8" ?>
<testsuite tests="1" failures="0" name="cucumbertest.RunCucumberTest" time="0.178" errors="0" skipped="1">
  <properties>
[...]
</properties>
  <testcase classname="Controlar asistencia" name="Alumno logado" time="0.178">
    <skipped/>
    <system-out>Feature: Controlar asistencia

  Scenario: Alumno logado               &amp;#27;[90m# cucumbertest/controlar_asistencia.feature:2&amp;#27;[0m
    &amp;#27;[33mGiven &amp;#27;[0m&amp;#27;[33mProfesor logado en el sistema&amp;#27;[0m &amp;#27;[90m# Stepdefs.profesor_logado_en_el_sistema()&amp;#27;[0m
      &amp;#27;[33mcucumber.api.PendingException: TODO: implement me
	at cucumbertest.Stepdefs.profesor_logado_en_el_sistema(Stepdefs.java:15)
	at ✽.Profesor logado en el sistema(cucumbertest/controlar_asistencia.feature:3)
&amp;#27;[0m
    &amp;#27;[36mAnd &amp;#27;[0m&amp;#27;[36mAlumno logado&amp;#27;[0m                   &amp;#27;[90m# Stepdefs.alumno_logado()&amp;#27;[0m
    &amp;#27;[36mWhen &amp;#27;[0m&amp;#27;[36mProfe mira lista alumnos&amp;#27;[0m       &amp;#27;[90m# Stepdefs.profe_mira_lista_alumnos()&amp;#27;[0m
    &amp;#27;[36mThen &amp;#27;[0m&amp;#27;[36mMostrar alumno presente&amp;#27;[0m        &amp;#27;[90m# Stepdefs.mostrar_alumno_presente()&amp;#27;[0m
</system-out>
  </testcase>
</testsuite>